2024/09/27 07:17:08 [notice] 1#1: using the "epoll" event method
2024/09/27 07:17:08 [notice] 1#1: nginx/1.27.1
2024/09/27 07:17:08 [notice] 1#1: built by gcc 12.2.0 (Debian 12.2.0-14) 
2024/09/27 07:17:08 [notice] 1#1: OS: Linux 5.15.0-122-generic
2024/09/27 07:17:08 [notice] 1#1: getrlimit(RLIMIT_NOFILE): 1048576:1048576
2024/09/27 07:17:08 [notice] 1#1: start worker processes
2024/09/27 07:17:08 [notice] 1#1: start worker process 29
2024/09/27 07:17:08 [notice] 1#1: start worker process 30
2024/09/27 07:17:08 [notice] 1#1: start worker process 31
2024/09/27 07:17:08 [notice] 1#1: start worker process 32
2024/09/27 07:18:48 [error] 30#30: *1 open() "/usr/share/nginx/html/favicon.ico" failed (2: No such file or directory), client: 172.19.0.1, server: localhost, request: "GET /favicon.ico HTTP/1.1", host: "localhost", referrer: "http://localhost/"
2024/09/27 07:34:19 [notice] 1#1: signal 3 (SIGQUIT) received, shutting down
2024/09/27 07:34:19 [notice] 30#30: gracefully shutting down
2024/09/27 07:34:19 [notice] 30#30: exiting
2024/09/27 07:34:19 [notice] 32#32: gracefully shutting down
2024/09/27 07:34:19 [notice] 30#30: exit
2024/09/27 07:34:19 [notice] 32#32: exiting
2024/09/27 07:34:19 [notice] 32#32: exit
2024/09/27 07:34:19 [notice] 29#29: gracefully shutting down
2024/09/27 07:34:19 [notice] 29#29: exiting
2024/09/27 07:34:19 [notice] 29#29: exit
2024/09/27 07:34:19 [notice] 31#31: gracefully shutting down
2024/09/27 07:34:19 [notice] 31#31: exiting
2024/09/27 07:34:19 [notice] 31#31: exit
2024/09/27 07:34:19 [notice] 1#1: signal 17 (SIGCHLD) received from 31
2024/09/27 07:34:19 [notice] 1#1: worker process 30 exited with code 0
2024/09/27 07:34:19 [notice] 1#1: worker process 29 exited with code 0
2024/09/27 07:34:19 [notice] 1#1: worker process 31 exited with code 0
2024/09/27 07:34:19 [notice] 1#1: signal 29 (SIGIO) received
2024/09/27 07:34:19 [notice] 1#1: signal 17 (SIGCHLD) received from 29
2024/09/27 07:34:19 [notice] 1#1: signal 17 (SIGCHLD) received from 32
2024/09/27 07:34:19 [notice] 1#1: worker process 32 exited with code 0
2024/09/27 07:34:19 [notice] 1#1: exit
2024/09/27 07:35:41 [notice] 1#1: using the "epoll" event method
2024/09/27 07:35:41 [notice] 1#1: nginx/1.27.1
2024/09/27 07:35:41 [notice] 1#1: built by gcc 12.2.0 (Debian 12.2.0-14) 
2024/09/27 07:35:41 [notice] 1#1: OS: Linux 5.15.0-122-generic
2024/09/27 07:35:41 [notice] 1#1: getrlimit(RLIMIT_NOFILE): 1048576:1048576
2024/09/27 07:35:41 [notice] 1#1: start worker processes
2024/09/27 07:35:41 [notice] 1#1: start worker process 21
2024/09/27 07:35:41 [notice] 1#1: start worker process 22
2024/09/27 07:35:41 [notice] 1#1: start worker process 23
2024/09/27 07:35:41 [notice] 1#1: start worker process 24
2024/09/27 08:25:04 [notice] 1#1: signal 3 (SIGQUIT) received, shutting down
2024/09/27 08:25:04 [notice] 22#22: gracefully shutting down
2024/09/27 08:25:04 [notice] 22#22: exiting
2024/09/27 08:25:04 [notice] 22#22: exit
2024/09/27 08:25:04 [notice] 24#24: gracefully shutting down
2024/09/27 08:25:04 [notice] 24#24: exiting
2024/09/27 08:25:04 [notice] 24#24: exit
2024/09/27 08:25:04 [notice] 23#23: gracefully shutting down
2024/09/27 08:25:04 [notice] 23#23: exiting
2024/09/27 08:25:04 [notice] 23#23: exit
2024/09/27 08:25:04 [notice] 21#21: gracefully shutting down
2024/09/27 08:25:04 [notice] 21#21: exiting
2024/09/27 08:25:04 [notice] 21#21: exit
2024/09/27 08:25:04 [notice] 1#1: signal 17 (SIGCHLD) received from 21
2024/09/27 08:25:04 [notice] 1#1: worker process 21 exited with code 0
2024/09/27 08:25:04 [notice] 1#1: worker process 23 exited with code 0
2024/09/27 08:25:04 [notice] 1#1: signal 29 (SIGIO) received
2024/09/27 08:25:04 [notice] 1#1: signal 17 (SIGCHLD) received from 22
2024/09/27 08:25:04 [notice] 1#1: worker process 22 exited with code 0
2024/09/27 08:25:04 [notice] 1#1: signal 29 (SIGIO) received
2024/09/27 08:25:04 [notice] 1#1: signal 17 (SIGCHLD) received from 24
2024/09/27 08:25:04 [notice] 1#1: worker process 24 exited with code 0
2024/09/27 08:25:04 [notice] 1#1: exit
2024/09/27 09:39:30 [notice] 1#1: using the "epoll" event method
2024/09/27 09:39:30 [notice] 1#1: nginx/1.27.1
2024/09/27 09:39:30 [notice] 1#1: built by gcc 12.2.0 (Debian 12.2.0-14) 
2024/09/27 09:39:30 [notice] 1#1: OS: Linux 5.15.0-122-generic
2024/09/27 09:39:30 [notice] 1#1: getrlimit(RLIMIT_NOFILE): 1048576:1048576
2024/09/27 09:39:30 [notice] 1#1: start worker processes
2024/09/27 09:39:30 [notice] 1#1: start worker process 22
2024/09/27 09:39:30 [notice] 1#1: start worker process 23
2024/09/27 09:39:30 [notice] 1#1: start worker process 24
2024/09/27 09:39:30 [notice] 1#1: start worker process 25
2024/09/27 09:45:23 [notice] 1#1: signal 3 (SIGQUIT) received, shutting down
2024/09/27 09:45:23 [notice] 25#25: gracefully shutting down
2024/09/27 09:45:23 [notice] 25#25: exiting
2024/09/27 09:45:23 [notice] 23#23: gracefully shutting down
2024/09/27 09:45:23 [notice] 23#23: exiting
2024/09/27 09:45:23 [notice] 24#24: gracefully shutting down
2024/09/27 09:45:23 [notice] 24#24: exiting
2024/09/27 09:45:23 [notice] 22#22: gracefully shutting down
2024/09/27 09:45:23 [notice] 22#22: exiting
2024/09/27 09:45:23 [notice] 22#22: exit
2024/09/27 09:45:23 [notice] 24#24: exit
2024/09/27 09:45:23 [notice] 23#23: exit
2024/09/27 09:45:23 [notice] 25#25: exit
2024/09/27 09:45:23 [notice] 1#1: signal 17 (SIGCHLD) received from 23
2024/09/27 09:45:23 [notice] 1#1: worker process 22 exited with code 0
2024/09/27 09:45:23 [notice] 1#1: worker process 23 exited with code 0
2024/09/27 09:45:23 [notice] 1#1: worker process 24 exited with code 0
2024/09/27 09:45:23 [notice] 1#1: worker process 25 exited with code 0
2024/09/27 09:45:23 [notice] 1#1: exit
